
> repairhub@0.1.0 build
> next build

▲ Next.js 16.2.2 (Turbopack)

  Creating an optimized production build ...

> Build error occurred
Error: Turbopack build failed with 1 errors:
./app/page.tsx:4:1
Module not found: Can't resolve 'lucide-react'
  [90m2 |[0m ...
  [90m3 |[0m ...[36mt[0m { useState } [36mfrom[0m [32m'react'[0m;
[31m[1m>[0m [90m4 |[0m ...[36mt[0m { [33mHome[0m, [33mPlus[0m, [33mGrid3x3[0m, [33mUsers[0m, [33mSearch[0m, [33mStar[0m, [33mCheck[0m } [36mfrom[0m [32m'lucide-r...[0m
  [90m  |[0m    [31m[1m^^^^^^^^^^^^^^^^^^^^^^^^^^^^^^^^^^^^^^^^^^^^^^^^^^^^^^^^^^^^^^^^^^^^^^^[0m
  [90m5 |[0m ...
  [90m6 |[0m ...[36mt[0m [36mdefault[0m [36mfunction[0m [33mHomePage[0m() {
  [90m7 |[0m ...[36mst[0m [activePage, setActivePage] = useState([32m'home'[0m);



Import traces:
  Client Component Browser:
    ./app/page.tsx [Client Component Browser]
    ./app/page.tsx [Server Component]

  Client Component SSR:
    ./app/page.tsx [Client Component SSR]
    ./app/page.tsx [Server Component]

https://nextjs.org/docs/messages/module-not-found


    at <unknown> (./app/page.tsx:4:1)
    at <unknown> (https://nextjs.org/docs/messages/module-not-found)
